<?xml version="1.0" encoding="UTF-8"?>
<testsuites name="Mocha Tests" time="3.754" tests="20" failures="14">
  <testsuite name="Root Suite" timestamp="2018-06-26T13:50:25" tests="2" failures="0" time="0">
    <testcase name=" converts a Monax hex string to a Web3 hex value" time="0" classname="converts a Monax hex string to a Web3 hex value">
    </testcase>
    <testcase name=" converts a Web3 hex value to a Monax hex string" time="0" classname="converts a Web3 hex value to a Monax hex string">
    </testcase>
  </testsuite>
  <testsuite name="issue #21" timestamp="2018-06-26T13:50:25" tests="2" file="/home/dennis/go/src/github.com/monax/bosmarmot/legacy-contracts.js/test/#21/index.js" failures="1" time="1.808">
    <testcase name="issue #21 &quot;before all&quot; hook for &quot;converts a Web3 hex value to a Monax hex string&quot;" time="1.808" classname="&quot;before all&quot; hook for &quot;converts a Web3 hex value to a Monax hex string&quot;">
      <failure><![CDATA[Error: 14 UNAVAILABLE: Connect Failed
    at Object.exports.createStatusError (/home/dennis/go/src/github.com/monax/bosmarmot/legacy-db.js/node_modules/grpc/src/common.js:87:15)
    at Object.onReceiveStatus (/home/dennis/go/src/github.com/monax/bosmarmot/legacy-db.js/node_modules/grpc/src/client_interceptors.js:1214:28)
    at InterceptingListener._callNext (/home/dennis/go/src/github.com/monax/bosmarmot/legacy-db.js/node_modules/grpc/src/client_interceptors.js:590:42)
    at InterceptingListener.onReceiveStatus (/home/dennis/go/src/github.com/monax/bosmarmot/legacy-db.js/node_modules/grpc/src/client_interceptors.js:640:8)
    at callback (/home/dennis/go/src/github.com/monax/bosmarmot/legacy-db.js/node_modules/grpc/src/client_interceptors.js:867:24)]]></failure>
    </testcase>
  </testsuite>
  <testsuite name="#38" timestamp="2018-06-26T13:50:27" tests="1" file="/home/dennis/go/src/github.com/monax/bosmarmot/legacy-contracts.js/test/#38/index.js" failures="1" time="0.107">
    <testcase name="#38 #38" time="0.107" classname="#38">
      <failure><![CDATA[Error: 14 UNAVAILABLE: Connect Failed
    at Object.exports.createStatusError (/home/dennis/go/src/github.com/monax/bosmarmot/legacy-db.js/node_modules/grpc/src/common.js:87:15)
    at Object.onReceiveStatus (/home/dennis/go/src/github.com/monax/bosmarmot/legacy-db.js/node_modules/grpc/src/client_interceptors.js:1214:28)
    at InterceptingListener._callNext (/home/dennis/go/src/github.com/monax/bosmarmot/legacy-db.js/node_modules/grpc/src/client_interceptors.js:590:42)
    at InterceptingListener.onReceiveStatus (/home/dennis/go/src/github.com/monax/bosmarmot/legacy-db.js/node_modules/grpc/src/client_interceptors.js:640:8)
    at callback (/home/dennis/go/src/github.com/monax/bosmarmot/legacy-db.js/node_modules/grpc/src/client_interceptors.js:867:24)]]></failure>
    </testcase>
  </testsuite>
  <testsuite name="#44" timestamp="2018-06-26T13:50:27" tests="1" file="/home/dennis/go/src/github.com/monax/bosmarmot/legacy-contracts.js/test/#44/index.js" failures="1" time="0.128">
    <testcase name="#44 #44" time="0.128" classname="#44">
      <failure><![CDATA[Error: 14 UNAVAILABLE: Connect Failed
    at Object.exports.createStatusError (/home/dennis/go/src/github.com/monax/bosmarmot/legacy-db.js/node_modules/grpc/src/common.js:87:15)
    at Object.onReceiveStatus (/home/dennis/go/src/github.com/monax/bosmarmot/legacy-db.js/node_modules/grpc/src/client_interceptors.js:1214:28)
    at InterceptingListener._callNext (/home/dennis/go/src/github.com/monax/bosmarmot/legacy-db.js/node_modules/grpc/src/client_interceptors.js:590:42)
    at InterceptingListener.onReceiveStatus (/home/dennis/go/src/github.com/monax/bosmarmot/legacy-db.js/node_modules/grpc/src/client_interceptors.js:640:8)
    at callback (/home/dennis/go/src/github.com/monax/bosmarmot/legacy-db.js/node_modules/grpc/src/client_interceptors.js:867:24)]]></failure>
    </testcase>
  </testsuite>
  <testsuite name="#45" timestamp="2018-06-26T13:50:27" tests="2" file="/home/dennis/go/src/github.com/monax/bosmarmot/legacy-contracts.js/test/#45/index.js" failures="2" time="0.737">
    <testcase name="#45 nottherealbatman" time="0.361" classname="nottherealbatman">
      <failure><![CDATA[Error: 14 UNAVAILABLE: Connect Failed
    at Object.exports.createStatusError (/home/dennis/go/src/github.com/monax/bosmarmot/legacy-db.js/node_modules/grpc/src/common.js:87:15)
    at Object.onReceiveStatus (/home/dennis/go/src/github.com/monax/bosmarmot/legacy-db.js/node_modules/grpc/src/client_interceptors.js:1214:28)
    at InterceptingListener._callNext (/home/dennis/go/src/github.com/monax/bosmarmot/legacy-db.js/node_modules/grpc/src/client_interceptors.js:590:42)
    at InterceptingListener.onReceiveStatus (/home/dennis/go/src/github.com/monax/bosmarmot/legacy-db.js/node_modules/grpc/src/client_interceptors.js:640:8)
    at callback (/home/dennis/go/src/github.com/monax/bosmarmot/legacy-db.js/node_modules/grpc/src/client_interceptors.js:867:24)]]></failure>
    </testcase>
    <testcase name="#45 rguikers" time="0.376" classname="rguikers">
      <failure><![CDATA[Error: 14 UNAVAILABLE: Connect Failed
    at Object.exports.createStatusError (/home/dennis/go/src/github.com/monax/bosmarmot/legacy-db.js/node_modules/grpc/src/common.js:87:15)
    at Object.onReceiveStatus (/home/dennis/go/src/github.com/monax/bosmarmot/legacy-db.js/node_modules/grpc/src/client_interceptors.js:1214:28)
    at InterceptingListener._callNext (/home/dennis/go/src/github.com/monax/bosmarmot/legacy-db.js/node_modules/grpc/src/client_interceptors.js:590:42)
    at InterceptingListener.onReceiveStatus (/home/dennis/go/src/github.com/monax/bosmarmot/legacy-db.js/node_modules/grpc/src/client_interceptors.js:640:8)
    at callback (/home/dennis/go/src/github.com/monax/bosmarmot/legacy-db.js/node_modules/grpc/src/client_interceptors.js:867:24)]]></failure>
    </testcase>
  </testsuite>
  <testsuite name="#46" timestamp="2018-06-26T13:50:28" tests="1" file="/home/dennis/go/src/github.com/monax/bosmarmot/legacy-contracts.js/test/#46/index.js" failures="1" time="0.171">
    <testcase name="#46 #46" time="0.171" classname="#46">
      <failure><![CDATA[Error: 14 UNAVAILABLE: Connect Failed
    at Object.exports.createStatusError (/home/dennis/go/src/github.com/monax/bosmarmot/legacy-db.js/node_modules/grpc/src/common.js:87:15)
    at Object.onReceiveStatus (/home/dennis/go/src/github.com/monax/bosmarmot/legacy-db.js/node_modules/grpc/src/client_interceptors.js:1214:28)
    at InterceptingListener._callNext (/home/dennis/go/src/github.com/monax/bosmarmot/legacy-db.js/node_modules/grpc/src/client_interceptors.js:590:42)
    at InterceptingListener.onReceiveStatus (/home/dennis/go/src/github.com/monax/bosmarmot/legacy-db.js/node_modules/grpc/src/client_interceptors.js:640:8)
    at callback (/home/dennis/go/src/github.com/monax/bosmarmot/legacy-db.js/node_modules/grpc/src/client_interceptors.js:867:24)]]></failure>
    </testcase>
  </testsuite>
  <testsuite name="#47" timestamp="2018-06-26T13:50:28" tests="1" file="/home/dennis/go/src/github.com/monax/bosmarmot/legacy-contracts.js/test/#47/index.js" failures="1" time="0.322">
    <testcase name="#47 #47" time="0.322" classname="#47">
      <failure><![CDATA[Error: 14 UNAVAILABLE: Connect Failed
    at Object.exports.createStatusError (/home/dennis/go/src/github.com/monax/bosmarmot/legacy-db.js/node_modules/grpc/src/common.js:87:15)
    at Object.onReceiveStatus (/home/dennis/go/src/github.com/monax/bosmarmot/legacy-db.js/node_modules/grpc/src/client_interceptors.js:1214:28)
    at InterceptingListener._callNext (/home/dennis/go/src/github.com/monax/bosmarmot/legacy-db.js/node_modules/grpc/src/client_interceptors.js:590:42)
    at InterceptingListener.onReceiveStatus (/home/dennis/go/src/github.com/monax/bosmarmot/legacy-db.js/node_modules/grpc/src/client_interceptors.js:640:8)
    at callback (/home/dennis/go/src/github.com/monax/bosmarmot/legacy-db.js/node_modules/grpc/src/client_interceptors.js:867:24)]]></failure>
    </testcase>
  </testsuite>
  <testsuite name="#48" timestamp="2018-06-26T13:50:28" tests="1" file="/home/dennis/go/src/github.com/monax/bosmarmot/legacy-contracts.js/test/#48/index.js" failures="1" time="0.033">
    <testcase name="#48 #48" time="0.033" classname="#48">
      <failure><![CDATA[Error: 14 UNAVAILABLE: Connect Failed
    at Object.exports.createStatusError (/home/dennis/go/src/github.com/monax/bosmarmot/legacy-db.js/node_modules/grpc/src/common.js:87:15)
    at Object.onReceiveStatus (/home/dennis/go/src/github.com/monax/bosmarmot/legacy-db.js/node_modules/grpc/src/client_interceptors.js:1214:28)
    at InterceptingListener._callNext (/home/dennis/go/src/github.com/monax/bosmarmot/legacy-db.js/node_modules/grpc/src/client_interceptors.js:590:42)
    at InterceptingListener.onReceiveStatus (/home/dennis/go/src/github.com/monax/bosmarmot/legacy-db.js/node_modules/grpc/src/client_interceptors.js:640:8)
    at callback (/home/dennis/go/src/github.com/monax/bosmarmot/legacy-db.js/node_modules/grpc/src/client_interceptors.js:867:24)]]></failure>
    </testcase>
  </testsuite>
  <testsuite name="#50" timestamp="2018-06-26T13:50:28" tests="1" file="/home/dennis/go/src/github.com/monax/bosmarmot/legacy-contracts.js/test/#50/index.js" failures="1" time="0.022">
    <testcase name="#50 #50" time="0.022" classname="#50">
      <failure><![CDATA[Error: 14 UNAVAILABLE: Connect Failed
    at Object.exports.createStatusError (/home/dennis/go/src/github.com/monax/bosmarmot/legacy-db.js/node_modules/grpc/src/common.js:87:15)
    at Object.onReceiveStatus (/home/dennis/go/src/github.com/monax/bosmarmot/legacy-db.js/node_modules/grpc/src/client_interceptors.js:1214:28)
    at InterceptingListener._callNext (/home/dennis/go/src/github.com/monax/bosmarmot/legacy-db.js/node_modules/grpc/src/client_interceptors.js:590:42)
    at InterceptingListener.onReceiveStatus (/home/dennis/go/src/github.com/monax/bosmarmot/legacy-db.js/node_modules/grpc/src/client_interceptors.js:640:8)
    at callback (/home/dennis/go/src/github.com/monax/bosmarmot/legacy-db.js/node_modules/grpc/src/client_interceptors.js:867:24)]]></failure>
    </testcase>
  </testsuite>
  <testsuite name="#61" timestamp="2018-06-26T13:50:28" tests="1" file="/home/dennis/go/src/github.com/monax/bosmarmot/legacy-contracts.js/test/#61/index.js" failures="1" time="0.057">
    <testcase name="#61 #61" time="0.057" classname="#61">
      <failure><![CDATA[Error: 14 UNAVAILABLE: Connect Failed
    at Object.exports.createStatusError (/home/dennis/go/src/github.com/monax/bosmarmot/legacy-db.js/node_modules/grpc/src/common.js:87:15)
    at Object.onReceiveStatus (/home/dennis/go/src/github.com/monax/bosmarmot/legacy-db.js/node_modules/grpc/src/client_interceptors.js:1214:28)
    at InterceptingListener._callNext (/home/dennis/go/src/github.com/monax/bosmarmot/legacy-db.js/node_modules/grpc/src/client_interceptors.js:590:42)
    at InterceptingListener.onReceiveStatus (/home/dennis/go/src/github.com/monax/bosmarmot/legacy-db.js/node_modules/grpc/src/client_interceptors.js:640:8)
    at callback (/home/dennis/go/src/github.com/monax/bosmarmot/legacy-db.js/node_modules/grpc/src/client_interceptors.js:867:24)]]></failure>
    </testcase>
  </testsuite>
  <testsuite name="#81" timestamp="2018-06-26T13:50:29" tests="1" file="/home/dennis/go/src/github.com/monax/bosmarmot/legacy-contracts.js/test/#81/index.js" failures="1" time="0.076">
    <testcase name="#81 listens to an event from a contract" time="0.076" classname="listens to an event from a contract">
      <failure><![CDATA[Error: 14 UNAVAILABLE: Connect Failed
    at Object.exports.createStatusError (/home/dennis/go/src/github.com/monax/bosmarmot/legacy-db.js/node_modules/grpc/src/common.js:87:15)
    at Object.onReceiveStatus (/home/dennis/go/src/github.com/monax/bosmarmot/legacy-db.js/node_modules/grpc/src/client_interceptors.js:1214:28)
    at InterceptingListener._callNext (/home/dennis/go/src/github.com/monax/bosmarmot/legacy-db.js/node_modules/grpc/src/client_interceptors.js:590:42)
    at InterceptingListener.onReceiveStatus (/home/dennis/go/src/github.com/monax/bosmarmot/legacy-db.js/node_modules/grpc/src/client_interceptors.js:640:8)
    at callback (/home/dennis/go/src/github.com/monax/bosmarmot/legacy-db.js/node_modules/grpc/src/client_interceptors.js:867:24)]]></failure>
    </testcase>
  </testsuite>
  <testsuite name="HTTP" timestamp="2018-06-26T13:50:29" tests="1" file="/home/dennis/go/src/github.com/monax/bosmarmot/legacy-contracts.js/test/HTTP/index.js" failures="1" time="0.023">
    <testcase name="HTTP sets and gets a value from a contract" time="0.023" classname="sets and gets a value from a contract">
      <failure><![CDATA[Error: 14 UNAVAILABLE: Connect Failed
    at Object.exports.createStatusError (/home/dennis/go/src/github.com/monax/bosmarmot/legacy-db.js/node_modules/grpc/src/common.js:87:15)
    at Object.onReceiveStatus (/home/dennis/go/src/github.com/monax/bosmarmot/legacy-db.js/node_modules/grpc/src/client_interceptors.js:1214:28)
    at InterceptingListener._callNext (/home/dennis/go/src/github.com/monax/bosmarmot/legacy-db.js/node_modules/grpc/src/client_interceptors.js:590:42)
    at InterceptingListener.onReceiveStatus (/home/dennis/go/src/github.com/monax/bosmarmot/legacy-db.js/node_modules/grpc/src/client_interceptors.js:640:8)
    at callback (/home/dennis/go/src/github.com/monax/bosmarmot/legacy-db.js/node_modules/grpc/src/client_interceptors.js:867:24)]]></failure>
    </testcase>
  </testsuite>
  <testsuite name="event" timestamp="2018-06-26T13:50:29" tests="1" file="/home/dennis/go/src/github.com/monax/bosmarmot/legacy-contracts.js/test/event/index.js" failures="1" time="0.032">
    <testcase name="event listens to an event from a contract" time="0.032" classname="listens to an event from a contract">
      <failure><![CDATA[Error: 14 UNAVAILABLE: Connect Failed
    at Object.exports.createStatusError (/home/dennis/go/src/github.com/monax/bosmarmot/legacy-db.js/node_modules/grpc/src/common.js:87:15)
    at Object.onReceiveStatus (/home/dennis/go/src/github.com/monax/bosmarmot/legacy-db.js/node_modules/grpc/src/client_interceptors.js:1214:28)
    at InterceptingListener._callNext (/home/dennis/go/src/github.com/monax/bosmarmot/legacy-db.js/node_modules/grpc/src/client_interceptors.js:590:42)
    at InterceptingListener.onReceiveStatus (/home/dennis/go/src/github.com/monax/bosmarmot/legacy-db.js/node_modules/grpc/src/client_interceptors.js:640:8)
    at callback (/home/dennis/go/src/github.com/monax/bosmarmot/legacy-db.js/node_modules/grpc/src/client_interceptors.js:867:24)]]></failure>
    </testcase>
  </testsuite>
  <testsuite name="Setting and Getting Values:" timestamp="2018-06-26T13:50:29" tests="4" file="/home/dennis/go/src/github.com/monax/bosmarmot/legacy-contracts.js/test/get_set_smoke_test/index.js" failures="1" time="0.238">
    <testcase name="Setting and Getting Values: &quot;before all&quot; hook" time="0.238" classname="&quot;before all&quot; hook">
      <failure><![CDATA[Error: 14 UNAVAILABLE: Connect Failed
    at Object.exports.createStatusError (/home/dennis/go/src/github.com/monax/bosmarmot/legacy-db.js/node_modules/grpc/src/common.js:87:15)
    at Object.onReceiveStatus (/home/dennis/go/src/github.com/monax/bosmarmot/legacy-db.js/node_modules/grpc/src/client_interceptors.js:1214:28)
    at InterceptingListener._callNext (/home/dennis/go/src/github.com/monax/bosmarmot/legacy-db.js/node_modules/grpc/src/client_interceptors.js:590:42)
    at InterceptingListener.onReceiveStatus (/home/dennis/go/src/github.com/monax/bosmarmot/legacy-db.js/node_modules/grpc/src/client_interceptors.js:640:8)
    at callback (/home/dennis/go/src/github.com/monax/bosmarmot/legacy-db.js/node_modules/grpc/src/client_interceptors.js:867:24)]]></failure>
    </testcase>
  </testsuite>
</testsuites>